<?xml version="1.0" encoding="UTF-8"?>
<!-- Generated by org.testng.reporters.JUnitReportReporter -->
<testsuite hostname="Ramzzz" failures="0" tests="1" name="testRunner.Runner" time="10.922" errors="0" timestamp="2025-07-18T22:58:32 IST" skipped="0">
  <testcase classname="testRunner.Runner" name="runScenario" time="10.922"/>
</testsuite> <!-- testRunner.Runner -->
